[0708/131223.110:ERROR:process_reader_win.cc(123)] NtOpenThread: {Access Denied} A process has requested access to an object, but has not been granted those access rights. (0xc0000022)
[0708/131223.117:ERROR:exception_snapshot_win.cc(88)] thread ID 14972 not found in process
[0708/140243.579:ERROR:process_reader_win.cc(123)] NtOpenThread: {Access Denied} A process has requested access to an object, but has not been granted those access rights. (0xc0000022)
[0708/140243.582:ERROR:exception_snapshot_win.cc(88)] thread ID 11116 not found in process
[0708/140244.380:ERROR:process_reader_win.cc(123)] NtOpenThread: {Access Denied} A process has requested access to an object, but has not been granted those access rights. (0xc0000022)
[0708/140244.386:ERROR:exception_snapshot_win.cc(88)] thread ID 1796 not found in process
[0712/185559.559:ERROR:process_reader_win.cc(123)] NtOpenThread: {Access Denied} A process has requested access to an object, but has not been granted those access rights. (0xc0000022)
[0712/185559.563:ERROR:exception_snapshot_win.cc(88)] thread ID 4416 not found in process
[0715/144012.859:ERROR:process_reader_win.cc(123)] NtOpenThread: {Access Denied} A process has requested access to an object, but has not been granted those access rights. (0xc0000022)
[0715/144012.864:ERROR:exception_snapshot_win.cc(88)] thread ID 740 not found in process
[0715/150801.366:ERROR:process_reader_win.cc(123)] NtOpenThread: {Access Denied} A process has requested access to an object, but has not been granted those access rights. (0xc0000022)
[0715/150801.368:ERROR:exception_snapshot_win.cc(88)] thread ID 7500 not found in process
[0715/155258.193:ERROR:process_reader_win.cc(123)] NtOpenThread: {Access Denied} A process has requested access to an object, but has not been granted those access rights. (0xc0000022)
[0715/155258.196:ERROR:exception_snapshot_win.cc(88)] thread ID 1316 not found in process
[0715/155259.402:ERROR:process_reader_win.cc(123)] NtOpenThread: {Access Denied} A process has requested access to an object, but has not been granted those access rights. (0xc0000022)
[0715/155259.404:ERROR:exception_snapshot_win.cc(88)] thread ID 4300 not found in process
[0715/163715.623:ERROR:process_reader_win.cc(123)] NtOpenThread: {Access Denied} A process has requested access to an object, but has not been granted those access rights. (0xc0000022)
[0715/163715.623:ERROR:exception_snapshot_win.cc(88)] thread ID 1776 not found in process
[0715/172048.986:ERROR:process_reader_win.cc(123)] NtOpenThread: {Access Denied} A process has requested access to an object, but has not been granted those access rights. (0xc0000022)
[0715/172048.989:ERROR:exception_snapshot_win.cc(88)] thread ID 9980 not found in process
[0715/202932.733:ERROR:process_reader_win.cc(123)] NtOpenThread: {Access Denied} A process has requested access to an object, but has not been granted those access rights. (0xc0000022)
[0715/202932.735:ERROR:exception_snapshot_win.cc(88)] thread ID 9624 not found in process
[0715/203147.182:ERROR:process_reader_win.cc(123)] NtOpenThread: {Access Denied} A process has requested access to an object, but has not been granted those access rights. (0xc0000022)
[0715/203147.185:ERROR:exception_snapshot_win.cc(88)] thread ID 5188 not found in process
[0715/204205.037:ERROR:process_reader_win.cc(123)] NtOpenThread: {Access Denied} A process has requested access to an object, but has not been granted those access rights. (0xc0000022)
[0715/204205.037:ERROR:exception_snapshot_win.cc(88)] thread ID 6988 not found in process
[0715/204352.226:ERROR:process_reader_win.cc(123)] NtOpenThread: {Access Denied} A process has requested access to an object, but has not been granted those access rights. (0xc0000022)
[0715/204352.228:ERROR:exception_snapshot_win.cc(88)] thread ID 2844 not found in process
[0715/204942.474:ERROR:process_reader_win.cc(123)] NtOpenThread: {Access Denied} A process has requested access to an object, but has not been granted those access rights. (0xc0000022)
[0715/204942.476:ERROR:exception_snapshot_win.cc(88)] thread ID 10144 not found in process
[0717/215115.546:ERROR:process_reader_win.cc(123)] NtOpenThread: {Access Denied} A process has requested access to an object, but has not been granted those access rights. (0xc0000022)
[0717/215115.554:ERROR:exception_snapshot_win.cc(88)] thread ID 15284 not found in process
[0717/222438.801:ERROR:process_reader_win.cc(123)] NtOpenThread: {Access Denied} A process has requested access to an object, but has not been granted those access rights. (0xc0000022)
[0717/222438.801:ERROR:exception_snapshot_win.cc(88)] thread ID 14308 not found in process
[0718/220232.382:ERROR:process_reader_win.cc(123)] NtOpenThread: {Access Denied} A process has requested access to an object, but has not been granted those access rights. (0xc0000022)
[0718/220232.382:ERROR:exception_snapshot_win.cc(88)] thread ID 15296 not found in process
[0718/222149.234:ERROR:process_reader_win.cc(123)] NtOpenThread: {Access Denied} A process has requested access to an object, but has not been granted those access rights. (0xc0000022)
[0718/222149.234:ERROR:exception_snapshot_win.cc(88)] thread ID 15152 not found in process
[0719/193033.007:ERROR:process_reader_win.cc(123)] NtOpenThread: {Access Denied} A process has requested access to an object, but has not been granted those access rights. (0xc0000022)
[0719/193033.009:ERROR:exception_snapshot_win.cc(88)] thread ID 11164 not found in process
[0720/211730.335:ERROR:process_reader_win.cc(123)] NtOpenThread: {Access Denied} A process has requested access to an object, but has not been granted those access rights. (0xc0000022)
[0720/211730.339:ERROR:exception_snapshot_win.cc(88)] thread ID 11452 not found in process
[0720/214618.818:ERROR:process_reader_win.cc(123)] NtOpenThread: {Access Denied} A process has requested access to an object, but has not been granted those access rights. (0xc0000022)
[0720/214618.820:ERROR:exception_snapshot_win.cc(88)] thread ID 7760 not found in process
[0722/172910.154:ERROR:process_reader_win.cc(123)] NtOpenThread: {Access Denied} A process has requested access to an object, but has not been granted those access rights. (0xc0000022)
[0722/172910.156:ERROR:exception_snapshot_win.cc(88)] thread ID 13232 not found in process
[0722/180711.577:ERROR:process_reader_win.cc(123)] NtOpenThread: {Access Denied} A process has requested access to an object, but has not been granted those access rights. (0xc0000022)
[0722/180711.580:ERROR:exception_snapshot_win.cc(88)] thread ID 2472 not found in process
[0722/182527.794:ERROR:process_reader_win.cc(123)] NtOpenThread: {Access Denied} A process has requested access to an object, but has not been granted those access rights. (0xc0000022)
[0722/182527.796:ERROR:exception_snapshot_win.cc(88)] thread ID 8944 not found in process
[0722/193013.752:ERROR:process_reader_win.cc(123)] NtOpenThread: {Access Denied} A process has requested access to an object, but has not been granted those access rights. (0xc0000022)
[0722/193013.753:ERROR:exception_snapshot_win.cc(88)] thread ID 11456 not found in process
[0722/223707.471:ERROR:process_reader_win.cc(242)] ReadMemory at 0x6f120000 of 64 bytes failed: Only part of a ReadProcessMemory or WriteProcessMemory request was completed. (0x12B)
[0722/223707.473:WARNING:pe_image_reader.cc(302)] could not read dos header from C:\Program Files (x86)\AVG\Antivirus\x64\aswJsFlt.dll
[0722/223707.521:ERROR:process_reader_win.cc(242)] ReadMemory at 0xd1645ee000 of 73728 bytes failed: Only part of a ReadProcessMemory or WriteProcessMemory request was completed. (0x12B)
[0722/223707.521:ERROR:crash_report_exception_handler.cc(111)] WriteEverything failed
[0722/223707.522:ERROR:filesystem_win.cc(148)] DeleteFile C:\Users\olive\AppData\Local\Temp\scoped_dir14680_20724\Crashpad\reports\cc7440d2-d454-4181-b0a9-3ed48577e65a.dmp: The process cannot access the file because it is being used by another process. (0x20)
[0722/223707.523:ERROR:scoped_process_suspend.cc(40)] NtResumeProcess: An attempt was made to access an exiting process. (0xc000010a)
[0722/224544.625:ERROR:process_reader_win.cc(123)] NtOpenThread: {Access Denied} A process has requested access to an object, but has not been granted those access rights. (0xc0000022)
[0722/224544.627:ERROR:exception_snapshot_win.cc(88)] thread ID 13660 not found in process
